Ôû▓ Next.js 16.2.7 (Turbopack)
- Local:         http://localhost:3000
- Network:       http://192.168.1.3:3000
- Environments: .env
Ô£ô Ready in 641ms
node.exe : ÔÜá Turbopack's filesystem cache has been deleted because we previously detected an internal error in 
Turbopack. Builds or page loads may be slower as a result.
At line:1 char:1
+ & "C:\nvm4w\nodejs/node.exe" "C:\nvm4w\nodejs/node_modules/npm/bin/np ...
+ ~~~~~~~~~~~~~~~~~~~~~~~~~~~~~~~~~~~~~~~~~~~~~~~~~~~~~~~~~~~~~~~~~~~~~
    + CategoryInfo          : NotSpecified: (ÔÜá Turbopack's...er as a result.:String) [], RemoteException
    + FullyQualifiedErrorId : NativeCommandError
 
(node:40128) Warning: Setting the NODE_TLS_REJECT_UNAUTHORIZED environment variable to '0' makes TLS connections and 
HTTPS requests insecure by disabling certificate verification.
(Use `node --trace-warnings ...` to show where the warning was created)

Ôùï Compiling /[locale] ...
 GET /ar 200 in 9.5s (next.js: 8.7s, proxy.ts: 11ms, application-code: 805ms)
[browser] Encountered two children with the same key, `#`. Keys should be unique so that components maintain their 
identity across updates. Non-unique keys may cause children to be duplicated and/or omitted ÔÇö the behavior is 
unsupported and could change in a future version. 
[browser] Encountered two children with the same key, `#`. Keys should be unique so that components maintain their 
identity across updates. Non-unique keys may cause children to be duplicated and/or omitted ÔÇö the behavior is 
unsupported and could change in a future version. 
[browser] A tree hydrated but some attributes of the server rendered HTML didn't match the client properties. This 
won't be patched up. This can happen if a SSR-ed Client Component used:

- A server/client branch `if (typeof window !== 'undefined')`.
- Variable input such as `Date.now()` or `Math.random()` which changes each time it's called.
- Date formatting in a user's locale which doesn't match the server.
- External changing data without sending a snapshot of it along with the HTML.
- Invalid HTML tag nesting.

It can also happen if the client has a browser extension installed which messes with the HTML before React loaded.

https://react.dev/link/hydration-mismatch

  ...
    <RedirectErrorBoundary router={{...}}>
      <InnerLayoutRouter url="/ar" tree={[...]} params={{locale:"ar"}} cacheNode={{rsc:{...}, ...}} 
segmentPath={[...]} ...>
        <SegmentViewNode type="layout" pagePath="[locale]/l...">
          <SegmentTrieNode>
          <script>
          <script>
          <script>
          <LocaleLayout>
            <Navbar>
              <nav className="fixed top-...">
                <div className="container-...">
                  <div className="flex items...">
                    <a>
                    <div>
                    <div className="flex items...">
                      <ThemeToggle>
                        <motion.button onClick={function toggle} className="relative w..." whileHover={{scale:1.05}} 
...>
                          <button
                            onClick={function toggle}
                            className="relative w-10 h-10 rounded-xl bg-surface-lighter border border-border flex 
item..."
                            aria-label="Toggle theme"
                            tabIndex={0}
                            style={{}}
                            ref={function useMotionRef.useCallback}
-                           fdprocessedid="ksmddi"
                          >
                      <LanguageSwitch>
                        <motion.button onClick={function onClick} className="relative w..." whileHover={{scale:1.05}} 
...>
                          <button
                            onClick={function onClick}
                            className="relative w-10 h-10 rounded-xl bg-surface-lighter border border-border flex 
item..."
                            aria-label="Switch language"
                            tabIndex={0}
                            style={{}}
                            ref={function useMotionRef.useCallback}
-                           fdprocessedid="7o0eo"
                          >
+                           EN
                      ...
                ...
            ...
              <SegmentViewNode type="page" pagePath="[locale]/p...">
                <SegmentTrieNode>
                <HomePage>
                  <Hero>
                  <TrustedBy>
                  <Statistics>
                  <Features>
                  <HowAIWorks>
                  <LatestStrategies>
                  <Pricing>
                  <Testimonials>
                  <FAQ>
                    <section className="section-pa...">
                      <div className="container-...">
                        <div>
                        <div className="space-y-3">
                          <motion.div initial={{opacity:0,y:10}} whileInView={{opacity:1,y:0}} viewport={{once:true}} 
...>
                            <div className="glass-card..." style={{opacity:0, ...}} ...>
                              <button
                                onClick={function onClick}
                                className="w-full flex items-center justify-between p-5 text-left"
-                               fdprocessedid="50qhp"
                              >
                              ...
                          <motion.div initial={{opacity:0,y:10}} whileInView={{opacity:1,y:0}} viewport={{once:true}} 
...>
                            <div className="glass-card..." style={{opacity:0, ...}} ...>
                              <button
                                onClick={function onClick}
                                className="w-full flex items-center justify-between p-5 text-left"
-                               fdprocessedid="3sccw"
                              >
                              ...
                          <motion.div initial={{opacity:0,y:10}} whileInView={{opacity:1,y:0}} viewport={{once:true}} 
...>
                            <div className="glass-card..." style={{opacity:0, ...}} ...>
                              <button
                                onClick={function onClick}
                                className="w-full flex items-center justify-between p-5 text-left"
-                               fdprocessedid="viuu9p"
                              >
                              ...
                          <motion.div initial={{opacity:0,y:10}} whileInView={{opacity:1,y:0}} viewport={{once:true}} 
...>
                            <div className="glass-card..." style={{opacity:0, ...}} ...>
                              <button
                                onClick={function onClick}
                                className="w-full flex items-center justify-between p-5 text-left"
-                               fdprocessedid="dwssv"
                              >
                              ...
                          <motion.div initial={{opacity:0,y:10}} whileInView={{opacity:1,y:0}} viewport={{once:true}} 
...>
                            <div className="glass-card..." style={{opacity:0, ...}} ...>
                              <button
                                onClick={function onClick}
                                className="w-full flex items-center justify-between p-5 text-left"
-                               fdprocessedid="ydkw47"
                              >
                              ...
                          <motion.div initial={{opacity:0,y:10}} whileInView={{opacity:1,y:0}} viewport={{once:true}} 
...>
                            <div className="glass-card..." style={{opacity:0, ...}} ...>
                              <button
                                onClick={function onClick}
                                className="w-full flex items-center justify-between p-5 text-left"
-                               fdprocessedid="371c6m"
                              >
                              ...
                          <motion.div initial={{opacity:0,y:10}} whileInView={{opacity:1,y:0}} viewport={{once:true}} 
...>
                            <div className="glass-card..." style={{opacity:0, ...}} ...>
                              <button
                                onClick={function onClick}
                                className="w-full flex items-center justify-between p-5 text-left"
-                               fdprocessedid="l0dd8i"
                              >
                              ...
                          <motion.div initial={{opacity:0,y:10}} whileInView={{opacity:1,y:0}} viewport={{once:true}} 
...>
                            <div className="glass-card..." style={{opacity:0, ...}} ...>
                              <button
                                onClick={function onClick}
                                className="w-full flex items-center justify-between p-5 text-left"
-                               fdprocessedid="mj4n9r"
                              >
                              ...
                          <motion.div initial={{opacity:0,y:10}} whileInView={{opacity:1,y:0}} viewport={{once:true}} 
...>
                            <div className="glass-card..." style={{opacity:0, ...}} ...>
                              <button
                                onClick={function onClick}
                                className="w-full flex items-center justify-between p-5 text-left"
-                               fdprocessedid="55s7hi"
                              >
                              ...
                          <motion.div initial={{opacity:0,y:10}} whileInView={{opacity:1,y:0}} viewport={{once:true}} 
...>
                            <div className="glass-card..." style={{opacity:0, ...}} ...>
                              <button
                                onClick={function onClick}
                                className="w-full flex items-center justify-between p-5 text-left"
-                               fdprocessedid="b2sdlk"
                              >
                              ...
                  <Newsletter>
                    <section className="section-pa...">
                      <div>
                      <div className="container-...">
                        <motion.div initial={{opacity:0,y:30}} whileInView={{opacity:1,y:0}} viewport={{once:true}} 
...>
                          <div className="glass-card..." style={{opacity:0, ...}} ref={function 
useMotionRef.useCallback}>
                            <div>
                            <h3>
                            <p>
                            <form onSubmit={function handleSubmit} className="flex flex-...">
                              <input
                                type="email"
                                value=""
                                onChange={function onChange}
                                placeholder="ÏúÏ»Ï«┘ä Ï¿Ï▒┘èÏ»┘â Ïº┘äÏÑ┘ä┘âÏ¬Ï▒┘ê┘å┘è"
                                required={true}
                                className="input-field flex-1"
-                               fdprocessedid="23wmgn"
                              >
                              <Button type="submit" variant="primary" loading={false}>
                                <motion.button type="submit" className={"inline-f..."} onClick={undefined} ...>
                                  <button
                                    type="submit"
                                    className={"inline-flex items-center justify-center gap-2 rounded-xl 
font-semibol..."}
                                    onClick={undefined}
                                    disabled={false}
                                    tabIndex={0}
                                    style={{}}
                                    ref={function useMotionRef.useCallback}
-                                   fdprocessedid="d6uosh"
                                  >
                  ...
              ...
            ...
      ...
 
[browser] Encountered two children with the same key, `#`. Keys should be unique so that components maintain their 
identity across updates. Non-unique keys may cause children to be duplicated and/or omitted ÔÇö the behavior is 
unsupported and could change in a future version. 
[browser] Encountered two children with the same key, `#`. Keys should be unique so that components maintain their 
identity across updates. Non-unique keys may cause children to be duplicated and/or omitted ÔÇö the behavior is 
unsupported and could change in a future version. 
 GET /ar/manifest.webmanifest 404 in 2.8s (next.js: 942ms, proxy.ts: 11ms, application-code: 1866ms)
Ôùï Compiling /_not-found/page ...
 GET /api/auth/session 200 in 4.8s (next.js: 4.7s, proxy.ts: 48ms, application-code: 42ms)
 GET /api/auth/session 200 in 73ms (next.js: 49ms, proxy.ts: 15ms, application-code: 8ms)
 GET /api/strategies?limit=4 200 in 7.6s (next.js: 3.8s, proxy.ts: 41ms, application-code: 3.7s)
 GET /ar/register 200 in 3.2s (next.js: 2.9s, proxy.ts: 31ms, application-code: 246ms)
[browser] Encountered two children with the same key, `#`. Keys should be unique so that components maintain their 
identity across updates. Non-unique keys may cause children to be duplicated and/or omitted ÔÇö the behavior is 
unsupported and could change in a future version. 
[browser] Encountered two children with the same key, `#`. Keys should be unique so that components maintain their 
identity across updates. Non-unique keys may cause children to be duplicated and/or omitted ÔÇö the behavior is 
unsupported and could change in a future version. 
[browser] Encountered two children with the same key, `#`. Keys should be unique so that components maintain their 
identity across updates. Non-unique keys may cause children to be duplicated and/or omitted ÔÇö the behavior is 
unsupported and could change in a future version. 
[browser] Encountered two children with the same key, `#`. Keys should be unique so that components maintain their 
identity across updates. Non-unique keys may cause children to be duplicated and/or omitted ÔÇö the behavior is 
unsupported and could change in a future version. 
 GET /api/auth/session 200 in 413ms (next.js: 131ms, proxy.ts: 261ms, application-code: 21ms)
 GET /ar/manifest.webmanifest 404 in 555ms (next.js: 122ms, proxy.ts: 41ms, application-code: 391ms)
 GET /api/auth/session 200 in 53ms (next.js: 13ms, proxy.ts: 8ms, application-code: 32ms)
[REGISTER] Request received
[REGISTER] Validation passed for: koko@gmail.com
[REGISTER] Hashing password...
[REGISTER] Password hashed successfully
[REGISTER] Creating user in database...
[REGISTER] User created successfully: cmqo8ty4b0000kmyo749gkv24
[REGISTER] Verifying user was persisted...
[REGISTER] User confirmed in database: cmqo8ty4b0000kmyo749gkv24 koko@gmail.com USER
 POST /api/auth/register 201 in 6.1s (next.js: 827ms, proxy.ts: 16ms, application-code: 5.2s)
 GET /ar/login 200 in 1520ms (next.js: 1361ms, proxy.ts: 10ms, application-code: 149ms)
[browser] Encountered two children with the same key, `#`. Keys should be unique so that components maintain their 
identity across updates. Non-unique keys may cause children to be duplicated and/or omitted ÔÇö the behavior is 
unsupported and could change in a future version. 
[browser] Encountered two children with the same key, `#`. Keys should be unique so that components maintain their 
identity across updates. Non-unique keys may cause children to be duplicated and/or omitted ÔÇö the behavior is 
unsupported and could change in a future version. 
[browser] Encountered two children with the same key, `#`. Keys should be unique so that components maintain their 
identity across updates. Non-unique keys may cause children to be duplicated and/or omitted ÔÇö the behavior is 
unsupported and could change in a future version. 
[browser] Encountered two children with the same key, `#`. Keys should be unique so that components maintain their 
identity across updates. Non-unique keys may cause children to be duplicated and/or omitted ÔÇö the behavior is 
unsupported and could change in a future version. 
 GET /api/auth/session 200 in 96ms (next.js: 54ms, proxy.ts: 25ms, application-code: 17ms)
 GET /ar/manifest.webmanifest 404 in 255ms (next.js: 19ms, proxy.ts: 8ms, application-code: 228ms)
 GET /api/auth/session 200 in 33ms (next.js: 15ms, proxy.ts: 8ms, application-code: 9ms)
 GET /api/auth/providers 200 in 52ms (next.js: 28ms, proxy.ts: 8ms, application-code: 16ms)
 GET /api/auth/csrf 200 in 25ms (next.js: 8ms, proxy.ts: 8ms, application-code: 8ms)
[AUTH::authorize] Credentials received: { email: 'koko@gmail.com', hasPassword: true }
[AUTH::authorize] Looking up user: koko@gmail.com
[AUTH::authorize] Comparing password for: koko@gmail.com
[AUTH::authorize] Authentication successful for: koko@gmail.com role: USER
 POST /api/auth/callback/credentials? 200 in 849ms (next.js: 6ms, proxy.ts: 6ms, application-code: 836ms)
 GET /api/auth/session 200 in 51ms (next.js: 27ms, proxy.ts: 8ms, application-code: 15ms)
 GET /ar/dashboard 200 in 1505ms (next.js: 1288ms, proxy.ts: 9ms, application-code: 209ms)
[browser] Encountered two children with the same key, `#`. Keys should be unique so that components maintain their 
identity across updates. Non-unique keys may cause children to be duplicated and/or omitted ÔÇö the behavior is 
unsupported and could change in a future version. 
[browser] Encountered two children with the same key, `#`. Keys should be unique so that components maintain their 
identity across updates. Non-unique keys may cause children to be duplicated and/or omitted ÔÇö the behavior is 
unsupported and could change in a future version. 
[browser] Encountered two children with the same key, `#`. Keys should be unique so that components maintain their 
identity across updates. Non-unique keys may cause children to be duplicated and/or omitted ÔÇö the behavior is 
unsupported and could change in a future version. 
[browser] Encountered two children with the same key, `#`. Keys should be unique so that components maintain their 
identity across updates. Non-unique keys may cause children to be duplicated and/or omitted ÔÇö the behavior is 
unsupported and could change in a future version. 
 GET /ar/manifest.webmanifest 404 in 217ms (next.js: 15ms, proxy.ts: 13ms, application-code: 188ms)
 GET /api/auth/session 200 in 115ms (next.js: 51ms, proxy.ts: 35ms, application-code: 29ms)
 GET /api/auth/session 200 in 36ms (next.js: 9ms, proxy.ts: 10ms, application-code: 17ms)
 GET /api/user/profile 200 in 1104ms (next.js: 434ms, proxy.ts: 35ms, application-code: 635ms)
[browser] Translation missing for key: dashboard.user in language: ar (src/lib/i18n/LanguageContext.tsx:45:15)
[browser] Translation missing for key: dashboard.user in language: ar (src/lib/i18n/LanguageContext.tsx:45:15)
 GET /ar/dashboard/saved 200 in 1463ms (next.js: 1265ms, proxy.ts: 8ms, application-code: 190ms)
 GET /ar/manifest.webmanifest 404 in 108ms (next.js: 14ms, proxy.ts: 9ms, application-code: 85ms)
[browser] Encountered two children with the same key, `#`. Keys should be unique so that components maintain their 
identity across updates. Non-unique keys may cause children to be duplicated and/or omitted ÔÇö the behavior is 
unsupported and could change in a future version. 
[browser] Encountered two children with the same key, `#`. Keys should be unique so that components maintain their 
identity across updates. Non-unique keys may cause children to be duplicated and/or omitted ÔÇö the behavior is 
unsupported and could change in a future version. 
 GET /api/auth/session 200 in 49ms (next.js: 27ms, proxy.ts: 8ms, application-code: 14ms)
[browser] Encountered two children with the same key, `#`. Keys should be unique so that components maintain their 
identity across updates. Non-unique keys may cause children to be duplicated and/or omitted ÔÇö the behavior is 
unsupported and could change in a future version. 
[browser] Encountered two children with the same key, `#`. Keys should be unique so that components maintain their 
identity across updates. Non-unique keys may cause children to be duplicated and/or omitted ÔÇö the behavior is 
unsupported and could change in a future version. 
 GET /api/auth/session 200 in 27ms (next.js: 6ms, proxy.ts: 8ms, application-code: 13ms)
 GET /ar/login 200 in 153ms (next.js: 27ms, proxy.ts: 7ms, application-code: 118ms)
[browser] Encountered two children with the same key, `#`. Keys should be unique so that components maintain their 
identity across updates. Non-unique keys may cause children to be duplicated and/or omitted ÔÇö the behavior is 
unsupported and could change in a future version. 
[browser] Encountered two children with the same key, `#`. Keys should be unique so that components maintain their 
identity across updates. Non-unique keys may cause children to be duplicated and/or omitted ÔÇö the behavior is 
unsupported and could change in a future version. 
[browser] Encountered two children with the same key, `#`. Keys should be unique so that components maintain their 
identity across updates. Non-unique keys may cause children to be duplicated and/or omitted ÔÇö the behavior is 
unsupported and could change in a future version. 
[browser] Encountered two children with the same key, `#`. Keys should be unique so that components maintain their 
identity across updates. Non-unique keys may cause children to be duplicated and/or omitted ÔÇö the behavior is 
unsupported and could change in a future version. 
 GET /ar/manifest.webmanifest 404 in 214ms (next.js: 22ms, proxy.ts: 28ms, application-code: 164ms)
 GET /api/auth/session 200 in 98ms (next.js: 64ms, proxy.ts: 15ms, application-code: 19ms)
 GET /api/auth/session 200 in 36ms (next.js: 11ms, proxy.ts: 5ms, application-code: 20ms)
 GET /api/auth/providers 200 in 37ms (next.js: 23ms, proxy.ts: 5ms, application-code: 9ms)
 GET /api/auth/csrf 200 in 15ms (next.js: 6ms, proxy.ts: 4ms, application-code: 4ms)
[AUTH::authorize] Credentials received: { email: 'huhuh@gmail.com', hasPassword: true }
[AUTH::authorize] Looking up user: huhuh@gmail.com
[AUTH::authorize] User not found: huhuh@gmail.com
[31m[auth][error][0m CredentialsSignin: Read more at https://errors.authjs.dev#credentialssignin
    at Module.callback 
(C:\Users\moham\Downloads\YuanBridge\.next\dev\server\chunks\node_modules_@auth_core_211d099._.js:4314:30)
    at async AuthInternal 
(C:\Users\moham\Downloads\YuanBridge\.next\dev\server\chunks\node_modules_@auth_core_211d099._.js:5162:24)
    at async Auth 
(C:\Users\moham\Downloads\YuanBridge\.next\dev\server\chunks\node_modules_@auth_core_211d099._.js:5384:34)
    at async AppRouteRouteModule.do (C:\Users\moham\Downloads\YuanBridge\node_modules\next\dist\compiled\next-server\ap
p-route-turbo.runtime.dev.js:5:40131)
    at async AppRouteRouteModule.handle (C:\Users\moham\Downloads\YuanBridge\node_modules\next\dist\compiled\next-serve
r\app-route-turbo.runtime.dev.js:5:47411)
    at async responseGenerator 
(C:\Users\moham\Downloads\YuanBridge\.next\dev\server\chunks\node_modules_next_1f7vpma._.js:18380:38)
    at async AppRouteRouteModule.handleResponse (C:\Users\moham\Downloads\YuanBridge\node_modules\next\dist\compiled\ne
xt-server\app-route-turbo.runtime.dev.js:1:228552)
    at async handleResponse 
(C:\Users\moham\Downloads\YuanBridge\.next\dev\server\chunks\node_modules_next_1f7vpma._.js:18443:32)
    at async Module.handler 
(C:\Users\moham\Downloads\YuanBridge\.next\dev\server\chunks\node_modules_next_1f7vpma._.js:18497:13)
    at async DevServer.renderToResponseWithComponentsImpl 
(C:\Users\moham\Downloads\YuanBridge\node_modules\next\dist\server\base-server.js:1462:9)
    at async DevServer.renderPageComponent 
(C:\Users\moham\Downloads\YuanBridge\node_modules\next\dist\server\base-server.js:1514:24)
    at async DevServer.renderToResponseImpl 
(C:\Users\moham\Downloads\YuanBridge\node_modules\next\dist\server\base-server.js:1564:32)
    at async DevServer.pipeImpl 
(C:\Users\moham\Downloads\YuanBridge\node_modules\next\dist\server\base-server.js:1044:25)
    at async NextNodeServer.handleCatchallRenderRequest 
(C:\Users\moham\Downloads\YuanBridge\node_modules\next\dist\server\next-server.js:338:17)
    at async DevServer.handleRequestImpl 
(C:\Users\moham\Downloads\YuanBridge\node_modules\next\dist\server\base-server.js:935:17)
    at async C:\Users\moham\Downloads\YuanBridge\node_modules\next\dist\server\dev\next-dev-server.js:394:20
    at async Span.traceAsyncFn (C:\Users\moham\Downloads\YuanBridge\node_modules\next\dist\trace\trace.js:164:20)
    at async DevServer.handleRequest 
(C:\Users\moham\Downloads\YuanBridge\node_modules\next\dist\server\dev\next-dev-server.js:390:24)
    at async invokeRender 
(C:\Users\moham\Downloads\YuanBridge\node_modules\next\dist\server\lib\router-server.js:266:21)
    at async handleRequest 
(C:\Users\moham\Downloads\YuanBridge\node_modules\next\dist\server\lib\router-server.js:465:24)
    at async requestHandlerImpl 
(C:\Users\moham\Downloads\YuanBridge\node_modules\next\dist\server\lib\router-server.js:514:13)
    at async Server.requestListener 
(C:\Users\moham\Downloads\YuanBridge\node_modules\next\dist\server\lib\start-server.js:225:13)
 POST /api/auth/callback/credentials? 200 in 317ms (next.js: 4ms, proxy.ts: 5ms, application-code: 308ms)
 GET /api/auth/session 200 in 32ms (next.js: 11ms, proxy.ts: 8ms, application-code: 12ms)
 GET /api/auth/providers 200 in 89ms (next.js: 67ms, proxy.ts: 14ms, application-code: 8ms)
 GET /api/auth/csrf 200 in 21ms (next.js: 8ms, proxy.ts: 5ms, application-code: 8ms)
[AUTH::authorize] Credentials received: { email: 'koko@gmail.com', hasPassword: true }
[AUTH::authorize] Looking up user: koko@gmail.com
[AUTH::authorize] Comparing password for: koko@gmail.com
[AUTH::authorize] Invalid password for: koko@gmail.com
[31m[auth][error][0m CredentialsSignin: Read more at https://errors.authjs.dev#credentialssignin
    at Module.callback 
(C:\Users\moham\Downloads\YuanBridge\.next\dev\server\chunks\node_modules_@auth_core_211d099._.js:4314:30)
    at async AuthInternal 
(C:\Users\moham\Downloads\YuanBridge\.next\dev\server\chunks\node_modules_@auth_core_211d099._.js:5162:24)
    at async Auth 
(C:\Users\moham\Downloads\YuanBridge\.next\dev\server\chunks\node_modules_@auth_core_211d099._.js:5384:34)
    at async AppRouteRouteModule.do (C:\Users\moham\Downloads\YuanBridge\node_modules\next\dist\compiled\next-server\ap
p-route-turbo.runtime.dev.js:5:40131)
    at async AppRouteRouteModule.handle (C:\Users\moham\Downloads\YuanBridge\node_modules\next\dist\compiled\next-serve
r\app-route-turbo.runtime.dev.js:5:47411)
    at async responseGenerator 
(C:\Users\moham\Downloads\YuanBridge\.next\dev\server\chunks\node_modules_next_1f7vpma._.js:18380:38)
    at async AppRouteRouteModule.handleResponse (C:\Users\moham\Downloads\YuanBridge\node_modules\next\dist\compiled\ne
xt-server\app-route-turbo.runtime.dev.js:1:228552)
    at async handleResponse 
(C:\Users\moham\Downloads\YuanBridge\.next\dev\server\chunks\node_modules_next_1f7vpma._.js:18443:32)
    at async Module.handler 
(C:\Users\moham\Downloads\YuanBridge\.next\dev\server\chunks\node_modules_next_1f7vpma._.js:18497:13)
    at async DevServer.renderToResponseWithComponentsImpl 
(C:\Users\moham\Downloads\YuanBridge\node_modules\next\dist\server\base-server.js:1462:9)
    at async DevServer.renderPageComponent 
(C:\Users\moham\Downloads\YuanBridge\node_modules\next\dist\server\base-server.js:1514:24)
    at async DevServer.renderToResponseImpl 
(C:\Users\moham\Downloads\YuanBridge\node_modules\next\dist\server\base-server.js:1564:32)
    at async DevServer.pipeImpl 
(C:\Users\moham\Downloads\YuanBridge\node_modules\next\dist\server\base-server.js:1044:25)
    at async NextNodeServer.handleCatchallRenderRequest 
(C:\Users\moham\Downloads\YuanBridge\node_modules\next\dist\server\next-server.js:338:17)
    at async DevServer.handleRequestImpl 
(C:\Users\moham\Downloads\YuanBridge\node_modules\next\dist\server\base-server.js:935:17)
    at async C:\Users\moham\Downloads\YuanBridge\node_modules\next\dist\server\dev\next-dev-server.js:394:20
    at async Span.traceAsyncFn (C:\Users\moham\Downloads\YuanBridge\node_modules\next\dist\trace\trace.js:164:20)
    at async DevServer.handleRequest 
(C:\Users\moham\Downloads\YuanBridge\node_modules\next\dist\server\dev\next-dev-server.js:390:24)
    at async invokeRender 
(C:\Users\moham\Downloads\YuanBridge\node_modules\next\dist\server\lib\router-server.js:266:21)
    at async handleRequest 
(C:\Users\moham\Downloads\YuanBridge\node_modules\next\dist\server\lib\router-server.js:465:24)
    at async requestHandlerImpl 
(C:\Users\moham\Downloads\YuanBridge\node_modules\next\dist\server\lib\router-server.js:514:13)
    at async Server.requestListener 
(C:\Users\moham\Downloads\YuanBridge\node_modules\next\dist\server\lib\start-server.js:225:13)
 POST /api/auth/callback/credentials? 200 in 634ms (next.js: 9ms, proxy.ts: 8ms, application-code: 617ms)
 GET /api/auth/session 200 in 24ms (next.js: 5ms, proxy.ts: 4ms, application-code: 14ms)
 GET /api/auth/providers 200 in 41ms (next.js: 29ms, proxy.ts: 5ms, application-code: 8ms)
 GET /api/auth/csrf 200 in 17ms (next.js: 7ms, proxy.ts: 3ms, application-code: 7ms)
[AUTH::authorize] Credentials received: { email: 'koko@gmail.com', hasPassword: true }
[AUTH::authorize] Looking up user: koko@gmail.com
[AUTH::authorize] Comparing password for: koko@gmail.com
[AUTH::authorize] Authentication successful for: koko@gmail.com role: USER
 POST /api/auth/callback/credentials? 200 in 791ms (next.js: 10ms, proxy.ts: 6ms, application-code: 775ms)
 GET /api/auth/session 200 in 43ms (next.js: 26ms, proxy.ts: 5ms, application-code: 13ms)
 GET /ar/dashboard 200 in 135ms (next.js: 30ms, proxy.ts: 6ms, application-code: 99ms)
[browser] Encountered two children with the same key, `#`. Keys should be unique so that components maintain their 
identity across updates. Non-unique keys may cause children to be duplicated and/or omitted ÔÇö the behavior is 
unsupported and could change in a future version. 
[browser] Encountered two children with the same key, `#`. Keys should be unique so that components maintain their 
identity across updates. Non-unique keys may cause children to be duplicated and/or omitted ÔÇö the behavior is 
unsupported and could change in a future version. 
[browser] Encountered two children with the same key, `#`. Keys should be unique so that components maintain their 
identity across updates. Non-unique keys may cause children to be duplicated and/or omitted ÔÇö the behavior is 
unsupported and could change in a future version. 
[browser] Encountered two children with the same key, `#`. Keys should be unique so that components maintain their 
identity across updates. Non-unique keys may cause children to be duplicated and/or omitted ÔÇö the behavior is 
unsupported and could change in a future version. 
 GET /ar/manifest.webmanifest 404 in 255ms (next.js: 11ms, proxy.ts: 8ms, application-code: 236ms)
 GET /api/auth/session 200 in 151ms (next.js: 35ms, proxy.ts: 84ms, application-code: 32ms)
 GET /api/auth/session 200 in 27ms (next.js: 8ms, proxy.ts: 7ms, application-code: 11ms)
 GET /api/user/profile 200 in 446ms (next.js: 17ms, proxy.ts: 83ms, application-code: 346ms)
[browser] Translation missing for key: dashboard.user in language: ar (src/lib/i18n/LanguageContext.tsx:45:15)
[browser] Translation missing for key: dashboard.user in language: ar (src/lib/i18n/LanguageContext.tsx:45:15)
 GET /ar/dashboard/settings 200 in 1552ms (next.js: 1363ms, proxy.ts: 7ms, application-code: 182ms)
 GET /ar/manifest.webmanifest 404 in 93ms (next.js: 15ms, proxy.ts: 8ms, application-code: 70ms)
[browser] Encountered two children with the same key, `#`. Keys should be unique so that components maintain their 
identity across updates. Non-unique keys may cause children to be duplicated and/or omitted ÔÇö the behavior is 
unsupported and could change in a future version. 
[browser] Encountered two children with the same key, `#`. Keys should be unique so that components maintain their 
identity across updates. Non-unique keys may cause children to be duplicated and/or omitted ÔÇö the behavior is 
unsupported and could change in a future version. 
[browser] Encountered two children with the same key, `#`. Keys should be unique so that components maintain their 
identity across updates. Non-unique keys may cause children to be duplicated and/or omitted ÔÇö the behavior is 
unsupported and could change in a future version. 
[browser] Encountered two children with the same key, `#`. Keys should be unique so that components maintain their 
identity across updates. Non-unique keys may cause children to be duplicated and/or omitted ÔÇö the behavior is 
unsupported and could change in a future version. 
 GET /api/auth/session 200 in 80ms (next.js: 34ms, proxy.ts: 8ms, application-code: 38ms)
 GET /api/auth/session 200 in 32ms (next.js: 11ms, proxy.ts: 4ms, application-code: 16ms)
 GET /ar/dashboard/billing 200 in 1593ms (next.js: 1444ms, proxy.ts: 9ms, application-code: 140ms)
[browser] Encountered two children with the same key, `#`. Keys should be unique so that components maintain their 
identity across updates. Non-unique keys may cause children to be duplicated and/or omitted ÔÇö the behavior is 
unsupported and could change in a future version. 
[browser] Encountered two children with the same key, `#`. Keys should be unique so that components maintain their 
identity across updates. Non-unique keys may cause children to be duplicated and/or omitted ÔÇö the behavior is 
unsupported and could change in a future version. 
[browser] Encountered two children with the same key, `#`. Keys should be unique so that components maintain their 
identity across updates. Non-unique keys may cause children to be duplicated and/or omitted ÔÇö the behavior is 
unsupported and could change in a future version. 
[browser] Encountered two children with the same key, `#`. Keys should be unique so that components maintain their 
identity across updates. Non-unique keys may cause children to be duplicated and/or omitted ÔÇö the behavior is 
unsupported and could change in a future version. 
 GET /ar/manifest.webmanifest 404 in 227ms (next.js: 19ms, proxy.ts: 19ms, application-code: 189ms)
 GET /api/auth/session 200 in 118ms (next.js: 52ms, proxy.ts: 39ms, application-code: 27ms)
 GET /api/auth/session 200 in 33ms (next.js: 6ms, proxy.ts: 13ms, application-code: 14ms)
 GET /api/user/profile 200 in 498ms (next.js: 18ms, proxy.ts: 42ms, application-code: 438ms)
 GET /api/payments/history 200 in 1904ms (next.js: 439ms, proxy.ts: 41ms, application-code: 1424ms)
[browser] Translation missing for key: dashboard.noPayments in language: ar (src/lib/i18n/LanguageContext.tsx:45:15)
[browser] Translation missing for key: dashboard.noPayments in language: ar (src/lib/i18n/LanguageContext.tsx:45:15)
[browser] Translation missing for key: common.TRIALING in language: ar (src/lib/i18n/LanguageContext.tsx:45:15)
[browser] Translation missing for key: common.TRIALING in language: ar (src/lib/i18n/LanguageContext.tsx:45:15)
 GET /ar/dashboard/settings 200 in 148ms (next.js: 26ms, proxy.ts: 9ms, application-code: 113ms)
[browser] Encountered two children with the same key, `#`. Keys should be unique so that components maintain their 
identity across updates. Non-unique keys may cause children to be duplicated and/or omitted ÔÇö the behavior is 
unsupported and could change in a future version. 
[browser] Encountered two children with the same key, `#`. Keys should be unique so that components maintain their 
identity across updates. Non-unique keys may cause children to be duplicated and/or omitted ÔÇö the behavior is 
unsupported and could change in a future version. 
[browser] Encountered two children with the same key, `#`. Keys should be unique so that components maintain their 
identity across updates. Non-unique keys may cause children to be duplicated and/or omitted ÔÇö the behavior is 
unsupported and could change in a future version. 
[browser] Encountered two children with the same key, `#`. Keys should be unique so that components maintain their 
identity across updates. Non-unique keys may cause children to be duplicated and/or omitted ÔÇö the behavior is 
unsupported and could change in a future version. 
 GET /ar/manifest.webmanifest 404 in 274ms (next.js: 17ms, proxy.ts: 11ms, application-code: 246ms)
 GET /api/auth/session 200 in 177ms (next.js: 60ms, proxy.ts: 24ms, application-code: 93ms)
 GET /api/auth/session 200 in 40ms (next.js: 9ms, proxy.ts: 13ms, application-code: 18ms)
 GET /api/auth/session 200 in 49ms (next.js: 26ms, proxy.ts: 9ms, application-code: 13ms)
 GET /api/auth/session 200 in 24ms (next.js: 6ms, proxy.ts: 4ms, application-code: 14ms)
 GET /ar/dashboard/settings 200 in 155ms (next.js: 35ms, proxy.ts: 11ms, application-code: 109ms)
[browser] Encountered two children with the same key, `#`. Keys should be unique so that components maintain their 
identity across updates. Non-unique keys may cause children to be duplicated and/or omitted ÔÇö the behavior is 
unsupported and could change in a future version. 
[browser] Encountered two children with the same key, `#`. Keys should be unique so that components maintain their 
identity across updates. Non-unique keys may cause children to be duplicated and/or omitted ÔÇö the behavior is 
unsupported and could change in a future version. 
[browser] Encountered two children with the same key, `#`. Keys should be unique so that components maintain their 
identity across updates. Non-unique keys may cause children to be duplicated and/or omitted ÔÇö the behavior is 
unsupported and could change in a future version. 
[browser] Encountered two children with the same key, `#`. Keys should be unique so that components maintain their 
identity across updates. Non-unique keys may cause children to be duplicated and/or omitted ÔÇö the behavior is 
unsupported and could change in a future version. 
 GET /ar/manifest.webmanifest 404 in 201ms (next.js: 16ms, proxy.ts: 7ms, application-code: 177ms)
 GET /api/auth/session 200 in 96ms (next.js: 36ms, proxy.ts: 30ms, application-code: 30ms)
 GET /api/auth/session 200 in 43ms (next.js: 13ms, proxy.ts: 6ms, application-code: 23ms)
 GET /ar/dashboard 200 in 157ms (next.js: 33ms, proxy.ts: 13ms, application-code: 110ms)
[browser] Encountered two children with the same key, `#`. Keys should be unique so that components maintain their 
identity across updates. Non-unique keys may cause children to be duplicated and/or omitted ÔÇö the behavior is 
unsupported and could change in a future version. 
[browser] Encountered two children with the same key, `#`. Keys should be unique so that components maintain their 
identity across updates. Non-unique keys may cause children to be duplicated and/or omitted ÔÇö the behavior is 
unsupported and could change in a future version. 
[browser] Encountered two children with the same key, `#`. Keys should be unique so that components maintain their 
identity across updates. Non-unique keys may cause children to be duplicated and/or omitted ÔÇö the behavior is 
unsupported and could change in a future version. 
[browser] Encountered two children with the same key, `#`. Keys should be unique so that components maintain their 
identity across updates. Non-unique keys may cause children to be duplicated and/or omitted ÔÇö the behavior is 
unsupported and could change in a future version. 
 GET /ar/manifest.webmanifest 404 in 234ms (next.js: 15ms, proxy.ts: 14ms, application-code: 204ms)
 GET /api/auth/session 200 in 121ms (next.js: 47ms, proxy.ts: 46ms, application-code: 27ms)
 GET /api/auth/session 200 in 34ms (next.js: 8ms, proxy.ts: 12ms, application-code: 13ms)
 GET /api/user/profile 200 in 1228ms (next.js: 12ms, proxy.ts: 44ms, application-code: 1172ms)
[browser] Translation missing for key: dashboard.user in language: ar (src/lib/i18n/LanguageContext.tsx:45:15)
[browser] Translation missing for key: dashboard.user in language: ar (src/lib/i18n/LanguageContext.tsx:45:15)
 GET /ar 200 in 207ms (next.js: 38ms, proxy.ts: 6ms, application-code: 163ms)
 GET /ar/manifest.webmanifest 404 in 131ms (next.js: 17ms, proxy.ts: 18ms, application-code: 96ms)
[browser] Encountered two children with the same key, `#`. Keys should be unique so that components maintain their 
identity across updates. Non-unique keys may cause children to be duplicated and/or omitted ÔÇö the behavior is 
unsupported and could change in a future version. 
[browser] Encountered two children with the same key, `#`. Keys should be unique so that components maintain their 
identity across updates. Non-unique keys may cause children to be duplicated and/or omitted ÔÇö the behavior is 
unsupported and could change in a future version. 
[browser] Encountered two children with the same key, `#`. Keys should be unique so that components maintain their 
identity across updates. Non-unique keys may cause children to be duplicated and/or omitted ÔÇö the behavior is 
unsupported and could change in a future version. 
[browser] Encountered two children with the same key, `#`. Keys should be unique so that components maintain their 
identity across updates. Non-unique keys may cause children to be duplicated and/or omitted ÔÇö the behavior is 
unsupported and could change in a future version. 
 GET /api/auth/session 200 in 154ms (next.js: 85ms, proxy.ts: 16ms, application-code: 53ms)
 GET /api/auth/session 200 in 61ms (next.js: 25ms, proxy.ts: 18ms, application-code: 18ms)
 GET /api/strategies?limit=4 200 in 730ms (next.js: 11ms, proxy.ts: 16ms, application-code: 703ms)
 GET /ar/register 200 in 260ms (next.js: 58ms, proxy.ts: 19ms, application-code: 182ms)
[browser] Encountered two children with the same key, `#`. Keys should be unique so that components maintain their 
identity across updates. Non-unique keys may cause children to be duplicated and/or omitted ÔÇö the behavior is 
unsupported and could change in a future version. 
[browser] Encountered two children with the same key, `#`. Keys should be unique so that components maintain their 
identity across updates. Non-unique keys may cause children to be duplicated and/or omitted ÔÇö the behavior is 
unsupported and could change in a future version. 
[browser] Encountered two children with the same key, `#`. Keys should be unique so that components maintain their 
identity across updates. Non-unique keys may cause children to be duplicated and/or omitted ÔÇö the behavior is 
unsupported and could change in a future version. 
[browser] Encountered two children with the same key, `#`. Keys should be unique so that components maintain their 
identity across updates. Non-unique keys may cause children to be duplicated and/or omitted ÔÇö the behavior is 
unsupported and could change in a future version. 
 GET /ar/manifest.webmanifest 404 in 206ms (next.js: 30ms, proxy.ts: 8ms, application-code: 168ms)
 GET /api/auth/session 200 in 104ms (next.js: 55ms, proxy.ts: 18ms, application-code: 32ms)
 GET /api/auth/session 200 in 37ms (next.js: 14ms, proxy.ts: 5ms, application-code: 17ms)
 GET /ar/login 200 in 138ms (next.js: 34ms, proxy.ts: 7ms, application-code: 97ms)
[browser] Encountered two children with the same key, `#`. Keys should be unique so that components maintain their 
identity across updates. Non-unique keys may cause children to be duplicated and/or omitted ÔÇö the behavior is 
unsupported and could change in a future version. 
[browser] Encountered two children with the same key, `#`. Keys should be unique so that components maintain their 
identity across updates. Non-unique keys may cause children to be duplicated and/or omitted ÔÇö the behavior is 
unsupported and could change in a future version. 
[browser] Encountered two children with the same key, `#`. Keys should be unique so that components maintain their 
identity across updates. Non-unique keys may cause children to be duplicated and/or omitted ÔÇö the behavior is 
unsupported and could change in a future version. 
[browser] Encountered two children with the same key, `#`. Keys should be unique so that components maintain their 
identity across updates. Non-unique keys may cause children to be duplicated and/or omitted ÔÇö the behavior is 
unsupported and could change in a future version. 
 GET /ar/manifest.webmanifest 404 in 204ms (next.js: 25ms, proxy.ts: 22ms, application-code: 156ms)
 GET /api/auth/session 200 in 90ms (next.js: 42ms, proxy.ts: 14ms, application-code: 34ms)
 GET /api/auth/session 200 in 153ms (next.js: 29ms, proxy.ts: 106ms, application-code: 18ms)
 GET /api/auth/providers 200 in 51ms (next.js: 30ms, proxy.ts: 7ms, application-code: 14ms)
 GET /api/auth/csrf 200 in 31ms (next.js: 11ms, proxy.ts: 7ms, application-code: 13ms)
[AUTH::authorize] Credentials received: { email: 'koko@gmail.com', hasPassword: true }
[AUTH::authorize] Looking up user: koko@gmail.com
[AUTH::authorize] Comparing password for: koko@gmail.com
[AUTH::authorize] Authentication successful for: koko@gmail.com role: SUPER_ADMIN
 POST /api/auth/callback/credentials? 200 in 690ms (next.js: 10ms, proxy.ts: 11ms, application-code: 668ms)
 GET /api/auth/session 200 in 38ms (next.js: 6ms, proxy.ts: 12ms, application-code: 20ms)
 GET /ar/dashboard 200 in 155ms (next.js: 34ms, proxy.ts: 12ms, application-code: 108ms)
[browser] Encountered two children with the same key, `#`. Keys should be unique so that components maintain their 
identity across updates. Non-unique keys may cause children to be duplicated and/or omitted ÔÇö the behavior is 
unsupported and could change in a future version. 
[browser] Encountered two children with the same key, `#`. Keys should be unique so that components maintain their 
identity across updates. Non-unique keys may cause children to be duplicated and/or omitted ÔÇö the behavior is 
unsupported and could change in a future version. 
[browser] Encountered two children with the same key, `#`. Keys should be unique so that components maintain their 
identity across updates. Non-unique keys may cause children to be duplicated and/or omitted ÔÇö the behavior is 
unsupported and could change in a future version. 
[browser] Encountered two children with the same key, `#`. Keys should be unique so that components maintain their 
identity across updates. Non-unique keys may cause children to be duplicated and/or omitted ÔÇö the behavior is 
unsupported and could change in a future version. 
 GET /ar/manifest.webmanifest 404 in 252ms (next.js: 8ms, proxy.ts: 13ms, application-code: 230ms)
 GET /api/auth/session 200 in 151ms (next.js: 67ms, proxy.ts: 32ms, application-code: 52ms)
 GET /api/auth/session 200 in 74ms (next.js: 10ms, proxy.ts: 9ms, application-code: 56ms)
 GET /api/user/profile 200 in 825ms (next.js: 23ms, proxy.ts: 32ms, application-code: 770ms)
[browser] Translation missing for key: dashboard.user in language: ar (src/lib/i18n/LanguageContext.tsx:45:15)
[browser] Translation missing for key: dashboard.user in language: ar (src/lib/i18n/LanguageContext.tsx:45:15)
 GET /ar/dashboard/saved 200 in 164ms (next.js: 41ms, proxy.ts: 9ms, application-code: 114ms)
 GET /ar/manifest.webmanifest 404 in 113ms (next.js: 22ms, proxy.ts: 8ms, application-code: 84ms)
[browser] Encountered two children with the same key, `#`. Keys should be unique so that components maintain their 
identity across updates. Non-unique keys may cause children to be duplicated and/or omitted ÔÇö the behavior is 
unsupported and could change in a future version. 
[browser] Encountered two children with the same key, `#`. Keys should be unique so that components maintain their 
identity across updates. Non-unique keys may cause children to be duplicated and/or omitted ÔÇö the behavior is 
unsupported and could change in a future version. 
[browser] Uncaught Error: Hydration failed because the server rendered text didn't match the client. As a result this 
tree will be regenerated on the client. This can happen if a SSR-ed Client Component used:

- A server/client branch `if (typeof window !== 'undefined')`.
- Variable input such as `Date.now()` or `Math.random()` which changes each time it's called.
- Date formatting in a user's locale which doesn't match the server.
- External changing data without sending a snapshot of it along with the HTML.
- Invalid HTML tag nesting.

It can also happen if the client has a browser extension installed which messes with the HTML before React loaded.

https://react.dev/link/hydration-mismatch

  ...
    <motion.div variants={{hidden:{...}, ...}} initial="hidden" animate="visible">
      <div style={{opacity:0}} ref={function useMotionRef.useCallback}>
        <motion.div>
        <motion.div variants={{hidden:{...}, ...}} initial="hidden" animate="visible" className="grid grid-...">
          <div className="grid grid-..." style={{opacity:0}} ref={function useMotionRef.useCallback}>
            <AnimatePresence mode="popLayout">
              <PresenceChild isPresent={true} initial={undefined} custom={undefined} presenceAffectsLayout={true} ...>
                <PopChild pop={true} isPresent={true} anchorX="left" anchorY="top" root={undefined}>
                  <PopChildMeasure isPresent={true} childRef={{current:null}} sizeRef={{...}} pop={true}>
                    <motion.div variants={{hidden:{...}, ...}} layout={true} exit={{opacity:0, ...}} ...>
                      <MeasureLayout>
                      <div className="glass-card..." style={{opacity:0, ...}} ref={function useMotionRef.useCallback}>
                        <div>
                        <h3>
                        <div>
                        <div>
                        <div>
                        <div className="flex items...">
                          <span className="text-text-dim text-xs">
+                           ┘ó┘á ┘è┘ê┘å┘è┘êÏî ┘í┘í:┘ú┘Ñ ┘à
-                           ┘ó┘á ┘è┘ê┘å┘è┘êÏî ┘í┘í:┘ú┘ú ┘à
                          ...
              ...

    at <unknown> (https://react.dev/link/hydration-mismatch)
    at span (<anonymous>)
    at <unknown> (src/app/[locale]/dashboard/saved/page.tsx:145:19)
    at Array.map (<anonymous>)
    at SavedStrategiesPage (src/app/[locale]/dashboard/saved/page.tsx:91:25)
  143 |
  144 |                 <div className="flex items-center justify-between">
> 145 |                   <span className="text-text-dim text-xs">
      |                   ^
  146 |                     {new Date(strategy.publishedAt).toLocaleDateString(isRTL ? 'ar-SA' : ...
  147 |                       month: 'short', day: 'numeric', hour: '2-digit', minute: '2-digit',
  148 |                     })}
[browser] Encountered two children with the same key, `#`. Keys should be unique so that components maintain their 
identity across updates. Non-unique keys may cause children to be duplicated and/or omitted ÔÇö the behavior is 
unsupported and could change in a future version. 
[browser] Encountered two children with the same key, `#`. Keys should be unique so that components maintain their 
identity across updates. Non-unique keys may cause children to be duplicated and/or omitted ÔÇö the behavior is 
unsupported and could change in a future version. 
 GET /api/auth/session 200 in 191ms (next.js: 72ms, proxy.ts: 14ms, application-code: 105ms)
 GET /ar/manifest.webmanifest 404 in 144ms (next.js: 15ms, proxy.ts: 16ms, application-code: 112ms)
 GET /api/auth/session 200 in 50ms (next.js: 13ms, proxy.ts: 14ms, application-code: 23ms)
 GET /api/auth/session 200 in 27ms (next.js: 9ms, proxy.ts: 5ms, application-code: 13ms)
 GET /api/auth/session 200 in 26ms (next.js: 8ms, proxy.ts: 6ms, application-code: 12ms)
 GET /ar/dashboard/notifications 200 in 1440ms (next.js: 1292ms, proxy.ts: 6ms, application-code: 143ms)
[browser] Encountered two children with the same key, `#`. Keys should be unique so that components maintain their 
identity across updates. Non-unique keys may cause children to be duplicated and/or omitted ÔÇö the behavior is 
unsupported and could change in a future version. 
[browser] Encountered two children with the same key, `#`. Keys should be unique so that components maintain their 
identity across updates. Non-unique keys may cause children to be duplicated and/or omitted ÔÇö the behavior is 
unsupported and could change in a future version. 
[browser] Encountered two children with the same key, `#`. Keys should be unique so that components maintain their 
identity across updates. Non-unique keys may cause children to be duplicated and/or omitted ÔÇö the behavior is 
unsupported and could change in a future version. 
[browser] Encountered two children with the same key, `#`. Keys should be unique so that components maintain their 
identity across updates. Non-unique keys may cause children to be duplicated and/or omitted ÔÇö the behavior is 
unsupported and could change in a future version. 
 GET /ar/manifest.webmanifest 404 in 181ms (next.js: 13ms, proxy.ts: 7ms, application-code: 160ms)
 GET /api/auth/session 200 in 90ms (next.js: 42ms, proxy.ts: 8ms, application-code: 40ms)
 GET /api/auth/session 200 in 35ms (next.js: 9ms, proxy.ts: 9ms, application-code: 18ms)
 GET /ar/dashboard/settings 200 in 202ms (next.js: 36ms, proxy.ts: 8ms, application-code: 158ms)
[browser] Encountered two children with the same key, `#`. Keys should be unique so that components maintain their 
identity across updates. Non-unique keys may cause children to be duplicated and/or omitted ÔÇö the behavior is 
unsupported and could change in a future version. 
[browser] Encountered two children with the same key, `#`. Keys should be unique so that components maintain their 
identity across updates. Non-unique keys may cause children to be duplicated and/or omitted ÔÇö the behavior is 
unsupported and could change in a future version. 
 GET /ar/manifest.webmanifest 404 in 158ms (next.js: 18ms, proxy.ts: 11ms, application-code: 129ms)
[browser] Encountered two children with the same key, `#`. Keys should be unique so that components maintain their 
identity across updates. Non-unique keys may cause children to be duplicated and/or omitted ÔÇö the behavior is 
unsupported and could change in a future version. 
[browser] Encountered two children with the same key, `#`. Keys should be unique so that components maintain their 
identity across updates. Non-unique keys may cause children to be duplicated and/or omitted ÔÇö the behavior is 
unsupported and could change in a future version. 
 GET /api/auth/session 200 in 79ms (next.js: 11ms, proxy.ts: 9ms, application-code: 59ms)
 GET /api/auth/session 200 in 26ms (next.js: 6ms, proxy.ts: 5ms, application-code: 15ms)
 GET /api/auth/session 200 in 60ms (next.js: 34ms, proxy.ts: 9ms, application-code: 17ms)
 GET /api/auth/session 200 in 23ms (next.js: 7ms, proxy.ts: 5ms, application-code: 11ms)
 GET /api/auth/session 200 in 55ms (next.js: 30ms, proxy.ts: 11ms, application-code: 14ms)
 GET /api/auth/session 200 in 19ms (next.js: 6ms, proxy.ts: 4ms, application-code: 10ms)
 GET /api/auth/session 200 in 1440ms (next.js: 1358ms, proxy.ts: 38ms, application-code: 44ms)
 GET /api/auth/session 200 in 60ms (next.js: 17ms, proxy.ts: 9ms, application-code: 34ms)
Ô£ô Compiled in 6s
 GET /ar/dashboard/settings 200 in 4.7s (next.js: 2.0s, proxy.ts: 780ms, application-code: 1877ms)
 GET /ar/dashboard/settings 200 in 4.7s (next.js: 3.8s, proxy.ts: 828ms, application-code: 120ms)
